2025-06-19 13:53:50,314 - semgrep.notifications - WARNING - METRICS: Using configs from the Registry (like --config=p/ci) reports pseudonymous rule metrics to semgrep.dev.
To disable Registry rule metrics, use "--metrics=off".
Using configs only from local files (like --config=xyz.yml) does not enable metrics.

More information: https://semgrep.dev/docs/metrics

2025-06-19 13:53:50,316 - semgrep.run_scan - DEBUG - semgrep version 1.4.0
2025-06-19 13:53:50,325 - semgrep.git - DEBUG - Failed to get project url from 'git ls-remote': Command failed with exit code: 128
-----
Command failed with output:
fatal: No remote configured to list refs from.


Failed to run 'git ls-remote --get-url'. Possible reasons:

- the git binary is not available
- the current working directory is not a git repository
- the baseline commit is not a parent of the current commit
    (if you are running through semgrep-app, check if you are setting `SEMGREP_BRANCH` or `SEMGREP_BASELINE_COMMIT` properly)
- the current working directory is not marked as safe
    (fix with `git config --global --add safe.directory $(pwd)`)

Try running the command yourself to debug the issue.
2025-06-19 13:53:50,326 - semgrep.config_resolver - DEBUG - Loading local config from /home/runner/workspace/.config/.semgrep/semgrep_rules.json
2025-06-19 13:53:50,328 - semgrep.config_resolver - DEBUG - Done loading local config from /home/runner/workspace/.config/.semgrep/semgrep_rules.json
2025-06-19 13:53:50,332 - semgrep.config_resolver - DEBUG - Saving rules to /tmp/semgrep-00oy3a5m.rules
2025-06-19 13:53:50,970 - semgrep.rule_lang - DEBUG - semgrep-core validation response: valid=True
2025-06-19 13:53:50,970 - semgrep.rule_lang - DEBUG - semgrep-core validation succeeded
2025-06-19 13:53:50,970 - semgrep.rule_lang - DEBUG - RPC validation succeeded
2025-06-19 13:53:50,971 - semgrep.config_resolver - DEBUG - loaded 1 configs in 0.6450607776641846
2025-06-19 13:53:51,049 - semgrep.run_scan - VERBOSE - running 714 rules from 1 config /home/runner/workspace/.config/.semgrep/semgrep_rules.json_0
2025-06-19 13:53:51,049 - semgrep.run_scan - VERBOSE - No .semgrepignore found. Using default .semgrepignore rules. See the docs for the list of default ignores: https://semgrep.dev/docs/cli-usage/#ignore-files
2025-06-19 13:53:51,051 - semgrep.run_scan - VERBOSE - Rules:
2025-06-19 13:53:51,051 - semgrep.run_scan - VERBOSE - <SKIPPED DATA (too many entries; use --max-log-list-entries)>
2025-06-19 13:53:51,467 - semgrep.core_runner - DEBUG - Passing whole rules directly to semgrep_core
2025-06-19 13:53:51,616 - semgrep.core_runner - DEBUG - Running Semgrep engine with command:
2025-06-19 13:53:51,616 - semgrep.core_runner - DEBUG - /tmp/_MEIVzOHeS/semgrep/bin/opengrep-core -json -rules /tmp/tmputgs4ek4.json -j 8 -targets /tmp/tmpa8ru7n3p -timeout 5 -timeout_threshold 3 -max_memory 0 -fast
2025-06-19 13:53:56,816 - semgrep.core_runner - DEBUG - --- semgrep-core stderr ---
[00.07][[34mINFO[0m]: Executed as: /tmp/_MEIVzOHeS/semgrep/bin/opengrep-core -json -rules /tmp/tmputgs4ek4.json -j 8 -targets /tmp/tmpa8ru7n3p -timeout 5 -timeout_threshold 3 -max_memory 0 -fast
[00.07][[34mINFO[0m]: Version: 1.4.0
[00.07][[34mINFO[0m]: Parsing rules in /tmp/tmputgs4ek4.json
[00.52][[34mINFO[0m]: scan: processing 258 files (skipping 0), with 456 rules (skipping 0 )
[03.19][[33mWARNING[0m]: Fixpoint timeout while performing taint analysis [rule: config..semgrep.vendored-rules.javascript.express.security.require-request file: client/src/pages/dashboard.tsx func: Dashboard:15662]
[0m[03.91][[33mWARNING[0m]: Fixpoint timeout while performing taint analysis [rule: config..semgrep.vendored-rules.javascript.express.security.audit.xss.direct-response-write file: server/routes.ts func: registerRoutes:13468]
[0m[03.98][[33mWARNING[0m]: Fixpoint timeout while performing taint analysis [rule: config..semgrep.vendored-rules.javascript.express.security.injection.tainted-sql-string file: client/src/pages/chat-monitoring.tsx func: ChatMonitoring:21995]
[0m--- end semgrep-core stderr ---
2025-06-19 13:53:56,824 - semgrep.rule_match - DEBUG - match_key = ('', PosixPath('client/index.html'), 'config..semgrep.vendored-rules.html.security.audit.missing-integrity') match_id = 0ee74fd49637bebe183eca7188dbde26e386314e62cc2e7ba1ee60b377b638243fcd84e6c6fa04886198ccacfa6a711bfbcc61a28f9ddc913d5b3c53083cbc90_0
2025-06-19 13:53:56,825 - semgrep.rule_match - DEBUG - match_key = (' type="text/javascript" src="https://replit.com/public/js/replit-dev-banner.js" (?is).*integrity= (google-analytics\\.com|fonts\\.googleapis\\.com|fonts\\.gstatic\\.com|googletagmanager\\.com) .*rel\\s*=\\s*[\'"]?preconnect.* href="... :// ..." href="//..." href=\'... :// ...\' href=\'//...\' src="... :// ..." src="//..." src=\'... :// ...\' src=\'//...\' <link  type="text/javascript" src="https://replit.com/public/js/replit-dev-banner.js" > <script  type="text/javascript" src="https://replit.com/public/js/replit-dev-banner.js" >...</script>', PosixPath('client/index.html'), 'config..semgrep.vendored-rules.html.security.audit.missing-integrity') match_id = 0728b64e224596592d04447ba8a642ff94e1fb9fcc07be26d49dc7e7f6898e638ad16ffcaca086932c58f4c6400fe32603323afef02cf9bfebcb0e4a53562a40_0
2025-06-19 13:53:56,825 - semgrep.rule_match - DEBUG - match_key = (' type="text/javascript" src="https://replit.com/public/js/replit-dev-banner.js" (?is).*integrity= (google-analytics\\.com|fonts\\.googleapis\\.com|fonts\\.gstatic\\.com|googletagmanager\\.com) .*rel\\s*=\\s*[\'"]?preconnect.* href="... :// ..." href="//..." href=\'... :// ...\' href=\'//...\' src="... :// ..." src="//..." src=\'... :// ...\' src=\'//...\' <link  type="text/javascript" src="https://replit.com/public/js/replit-dev-banner.js" > <script  type="text/javascript" src="https://replit.com/public/js/replit-dev-banner.js" >...</script>', PosixPath('client/index.html'), 'config..semgrep.vendored-rules.html.security.audit.missing-integrity') match_id = 0728b64e224596592d04447ba8a642ff94e1fb9fcc07be26d49dc7e7f6898e638ad16ffcaca086932c58f4c6400fe32603323afef02cf9bfebcb0e4a53562a40_0
2025-06-19 13:53:56,826 - semgrep.rule_match - DEBUG - match_key = (' type="text/javascript" src="https://replit.com/public/js/replit-dev-banner.js" (?is).*integrity= (google-analytics\\.com|fonts\\.googleapis\\.com|fonts\\.gstatic\\.com|googletagmanager\\.com) .*rel\\s*=\\s*[\'"]?preconnect.* href="... :// ..." href="//..." href=\'... :// ...\' href=\'//...\' src="... :// ..." src="//..." src=\'... :// ...\' src=\'//...\' <link  type="text/javascript" src="https://replit.com/public/js/replit-dev-banner.js" > <script  type="text/javascript" src="https://replit.com/public/js/replit-dev-banner.js" >...</script>', PosixPath('client/index.html'), 'config..semgrep.vendored-rules.html.security.audit.missing-integrity') match_id = 0728b64e224596592d04447ba8a642ff94e1fb9fcc07be26d49dc7e7f6898e638ad16ffcaca086932c58f4c6400fe32603323afef02cf9bfebcb0e4a53562a40_0
2025-06-19 13:53:56,826 - semgrep.rule_match - DEBUG - match_key = ('', PosixPath('package.json'), 'config..semgrep.replit-rules.javascript.vite.security.audit.vite-vulnerability-check') match_id = a4e4b5dce58f34c9a1496689f4ee2efa0e67ebc4efa58d98fa1c3681eda9b6c475bc40ced4bc29c5d7b65d46ec30497fcaa721bd15ad973945b92cdfd84d35a6_0
2025-06-19 13:53:56,827 - semgrep.rule_match - DEBUG - match_key = ('"_shrinkwrap": {\n  ...\n} "dependencies": {\n  ...\n}\n "devDependencies": {\n  ...\n}\n "optionalDependencies": {\n  ...\n}\n "peerDependencies": {\n  ...\n}\n "vite"\\s*:\\s*"(latest|>=\\s*[0-6]\\.\\d+\\.\\d+)" "vite"\\s*:\\s*"[\\^~]?4\\.([0-4]\\.\\d+|5\\.[0-9])" "vite"\\s*:\\s*"[\\^~]?5\\.([0-3]\\.\\d+|4\\.(1[0-4]|[0-9]))" "vite"\\s*:\\s*"[\\^~]?6\\.0\\.(1[01]|[0-9])" "vite"\\s*:\\s*"[\\^~]?6\\.1\\.[01]" "vite"\\s*:\\s*"[\\^~]?6\\.2\\.[0-2]" "vite"\\s*:\\s*"\\^([0-4]\\.\\d+\\.\\d+|5\\.[0-3]\\.\\d+|5\\.4\\.(1[0-4]|[0-9])|6\\.0\\.(1[01]|[0-9])|6\\.1\\.[01]|6\\.2\\.[0-2])" "vite"\\s*:\\s*"~([0-4]\\.\\d+\\.\\d+|5\\.[0-3]\\.\\d+|5\\.4\\.(1[0-4]|[0-9])|6\\.0\\.(1[01]|[0-9])|6\\.1\\.[01]|6\\.2\\.[0-2])"', PosixPath('package.json'), 'config..semgrep.replit-rules.javascript.vite.security.audit.vite-vulnerability-check') match_id = 28eb374c3c740c790f5827e8a2209da8325485de4b8e9178600cafd6259681cb5e8fa9ebdb5fb1cf1d426e79a2585b7c333a923524b34abd54d5c492254b88bf_0
2025-06-19 13:53:56,828 - semgrep.rule_match - DEBUG - match_key = ('"_shrinkwrap": {\n  ...\n} "dependencies": {\n  ...\n}\n "devDependencies": {\n  ...\n}\n "optionalDependencies": {\n  ...\n}\n "peerDependencies": {\n  ...\n}\n "vite"\\s*:\\s*"(latest|>=\\s*[0-6]\\.\\d+\\.\\d+)" "vite"\\s*:\\s*"[\\^~]?4\\.([0-4]\\.\\d+|5\\.[0-9])" "vite"\\s*:\\s*"[\\^~]?5\\.([0-3]\\.\\d+|4\\.(1[0-4]|[0-9]))" "vite"\\s*:\\s*"[\\^~]?6\\.0\\.(1[01]|[0-9])" "vite"\\s*:\\s*"[\\^~]?6\\.1\\.[01]" "vite"\\s*:\\s*"[\\^~]?6\\.2\\.[0-2]" "vite"\\s*:\\s*"\\^([0-4]\\.\\d+\\.\\d+|5\\.[0-3]\\.\\d+|5\\.4\\.(1[0-4]|[0-9])|6\\.0\\.(1[01]|[0-9])|6\\.1\\.[01]|6\\.2\\.[0-2])" "vite"\\s*:\\s*"~([0-4]\\.\\d+\\.\\d+|5\\.[0-3]\\.\\d+|5\\.4\\.(1[0-4]|[0-9])|6\\.0\\.(1[01]|[0-9])|6\\.1\\.[01]|6\\.2\\.[0-2])"', PosixPath('package.json'), 'config..semgrep.replit-rules.javascript.vite.security.audit.vite-vulnerability-check') match_id = 28eb374c3c740c790f5827e8a2209da8325485de4b8e9178600cafd6259681cb5e8fa9ebdb5fb1cf1d426e79a2585b7c333a923524b34abd54d5c492254b88bf_0
2025-06-19 13:53:56,828 - semgrep.rule_match - DEBUG - match_key = ('"_shrinkwrap": {\n  ...\n} "dependencies": {\n  ...\n}\n "devDependencies": {\n  ...\n}\n "optionalDependencies": {\n  ...\n}\n "peerDependencies": {\n  ...\n}\n "vite"\\s*:\\s*"(latest|>=\\s*[0-6]\\.\\d+\\.\\d+)" "vite"\\s*:\\s*"[\\^~]?4\\.([0-4]\\.\\d+|5\\.[0-9])" "vite"\\s*:\\s*"[\\^~]?5\\.([0-3]\\.\\d+|4\\.(1[0-4]|[0-9]))" "vite"\\s*:\\s*"[\\^~]?6\\.0\\.(1[01]|[0-9])" "vite"\\s*:\\s*"[\\^~]?6\\.1\\.[01]" "vite"\\s*:\\s*"[\\^~]?6\\.2\\.[0-2]" "vite"\\s*:\\s*"\\^([0-4]\\.\\d+\\.\\d+|5\\.[0-3]\\.\\d+|5\\.4\\.(1[0-4]|[0-9])|6\\.0\\.(1[01]|[0-9])|6\\.1\\.[01]|6\\.2\\.[0-2])" "vite"\\s*:\\s*"~([0-4]\\.\\d+\\.\\d+|5\\.[0-3]\\.\\d+|5\\.4\\.(1[0-4]|[0-9])|6\\.0\\.(1[01]|[0-9])|6\\.1\\.[01]|6\\.2\\.[0-2])"', PosixPath('package.json'), 'config..semgrep.replit-rules.javascript.vite.security.audit.vite-vulnerability-check') match_id = 28eb374c3c740c790f5827e8a2209da8325485de4b8e9178600cafd6259681cb5e8fa9ebdb5fb1cf1d426e79a2585b7c333a923524b34abd54d5c492254b88bf_0
2025-06-19 13:53:56,829 - semgrep.rule_match - DEBUG - match_key = ('', PosixPath('server/services/firebase.ts'), 'config..semgrep.vendored-rules.generic.secrets.security.detected-google-gcm-service-account') match_id = ccea2b4697a7cf76f781551dcf7e170206da34e47acc58859934f5dd717bf6e21e8df3bdfa69d22e89069afbb813ce6d35afef288dd9bdefc1626015519b986b_0
2025-06-19 13:53:56,830 - semgrep.rule_match - DEBUG - match_key = ('(("|\'|`)?type("|\'|`)?\\s{0,50}(:|=>|=)\\s{0,50}("|\'|`)?service_account("|\'|`)?,?)', PosixPath('server/services/firebase.ts'), 'config..semgrep.vendored-rules.generic.secrets.security.detected-google-gcm-service-account') match_id = 3a60ec9d863a3abb88416b22fdec7bf419955d0c17ac1c6fe6debee7a5f5f3088e4fdc8a6688e15743df4c82c67b74f9e7dad4efee314e9617e3559d745acf75_0
2025-06-19 13:53:56,830 - semgrep.rule_match - DEBUG - match_key = ('(("|\'|`)?type("|\'|`)?\\s{0,50}(:|=>|=)\\s{0,50}("|\'|`)?service_account("|\'|`)?,?)', PosixPath('server/services/firebase.ts'), 'config..semgrep.vendored-rules.generic.secrets.security.detected-google-gcm-service-account') match_id = 3a60ec9d863a3abb88416b22fdec7bf419955d0c17ac1c6fe6debee7a5f5f3088e4fdc8a6688e15743df4c82c67b74f9e7dad4efee314e9617e3559d745acf75_0
2025-06-19 13:53:56,831 - semgrep.rule_match - DEBUG - match_key = ('(("|\'|`)?type("|\'|`)?\\s{0,50}(:|=>|=)\\s{0,50}("|\'|`)?service_account("|\'|`)?,?)', PosixPath('server/services/firebase.ts'), 'config..semgrep.vendored-rules.generic.secrets.security.detected-google-gcm-service-account') match_id = 3a60ec9d863a3abb88416b22fdec7bf419955d0c17ac1c6fe6debee7a5f5f3088e4fdc8a6688e15743df4c82c67b74f9e7dad4efee314e9617e3559d745acf75_0
2025-06-19 13:53:56,833 - semgrep.core_runner - DEBUG - semgrep ran in 0:00:05.365846 on 87 files
2025-06-19 13:53:56,834 - semgrep.core_runner - DEBUG - findings summary: 1 warning, 2 error, 0 info
2025-06-19 13:53:56,837 - semgrep.app.auth - DEBUG - Getting API token from settings file
2025-06-19 13:53:56,837 - semgrep.app.auth - DEBUG - No API token found in settings file
